{"uuid":"34912903-f3a3-4fb2-8762-07c67f67b5d3","historyId":"b302bc2e15ab2c30b91b67d3d97bb5a1","fullName":"Swaglabs shopping site: Finishing order process","labels":[{"name":"tag","value":"Shopping"},{"name":"severity","value":"critical"},{"name":"owner","value":"Reshma"},{"name":"tag","value":"Epic:Shopping-website"},{"name":"tag","value":"Smoke"},{"name":"host","value":"inlen8520029721"},{"name":"thread","value":"18808@inlen8520029721.main(1)"},{"name":"feature","value":"Swaglabs shopping site"},{"name":"story","value":"Finishing order process"},{"name":"suite","value":"Swaglabs shopping site"},{"name":"testClass","value":"Finishing order process"},{"name":"framework","value":"cucumber4jvm"},{"name":"language","value":"java"},{"name":"gherkin_uri","value":"file:///C:/Selenium/Allure_report/src/test/resources/feature/listener.feature"},{"name":"package","value":"src.test.resources.feature.listener_feature.Swaglabs shopping site"}],"links":[],"name":"Finishing order process","status":"failed","statusDetails":{"known":false,"muted":false,"flaky":false,"message":"expected [fish] but found [false]","trace":"java.lang.AssertionError: expected [fish] but found [false]\r\n\tat org.testng.Assert.fail(Assert.java:110)\r\n\tat org.testng.Assert.failNotEquals(Assert.java:1413)\r\n\tat org.testng.Assert.assertEqualsImpl(Assert.java:149)\r\n\tat org.testng.Assert.assertEquals(Assert.java:131)\r\n\tat org.testng.Assert.assertEquals(Assert.java:643)\r\n\tat SauceDemo.stepdef.listener.click_finish(listener.java:83)\r\n\tat ✽.Click Finish(file:///C:/Selenium/Allure_report/src/test/resources/feature/listener.feature:27)\r\n"},"stage":"finished","steps":[{"name":"Given  Enter address information","status":"passed","statusDetails":{"known":false,"muted":false,"flaky":false},"stage":"finished","steps":[],"attachments":[],"parameters":[],"start":1670922465727,"stop":1670922466025},{"name":"Then  Click Finish","status":"failed","statusDetails":{"known":false,"muted":false,"flaky":false,"message":"expected [fish] but found [false]","trace":"java.lang.AssertionError: expected [fish] but found [false]\r\n\tat org.testng.Assert.fail(Assert.java:110)\r\n\tat org.testng.Assert.failNotEquals(Assert.java:1413)\r\n\tat org.testng.Assert.assertEqualsImpl(Assert.java:149)\r\n\tat org.testng.Assert.assertEquals(Assert.java:131)\r\n\tat org.testng.Assert.assertEquals(Assert.java:643)\r\n\tat SauceDemo.stepdef.listener.click_finish(listener.java:83)\r\n\tat ✽.Click Finish(file:///C:/Selenium/Allure_report/src/test/resources/feature/listener.feature:27)\r\n"},"stage":"finished","steps":[],"attachments":[],"parameters":[],"start":1670922466027,"stop":1670922466064}],"attachments":[],"parameters":[],"start":1670922465726,"stop":1670922466209}