{"uuid":"8fecf24e-4d47-4d7d-a404-6ff33ba7c500","historyId":"7ec57955f0bef8970c649f7b6174e31c","fullName":"Swaglabs shopping site: Finishing order process","labels":[{"name":"tag","value":"Shopping"},{"name":"severity","value":"critical"},{"name":"tag","value":"Owner=Reshma"},{"name":"tag","value":"Epic:Shopping-website"},{"name":"tag","value":"Smoke"},{"name":"host","value":"inlen8520029721"},{"name":"thread","value":"7396@inlen8520029721.main(1)"},{"name":"feature","value":"Swaglabs shopping site"},{"name":"story","value":"Finishing order process"},{"name":"suite","value":"Swaglabs shopping site"},{"name":"testClass","value":"Finishing order process"},{"name":"framework","value":"cucumber4jvm"},{"name":"language","value":"java"},{"name":"gherkin_uri","value":"file:///C:/Selenium/Allure_report/src/test/resources/feature/listener.feature"},{"name":"package","value":"src.test.resources.feature.listener_feature.Swaglabs shopping site"}],"links":[],"name":"Finishing order process","status":"failed","statusDetails":{"known":false,"muted":false,"flaky":false,"message":"expected [continue] but found [false]","trace":"java.lang.AssertionError: expected [continue] but found [false]\r\n\tat org.testng.Assert.fail(Assert.java:110)\r\n\tat org.testng.Assert.failNotEquals(Assert.java:1413)\r\n\tat org.testng.Assert.assertEqualsImpl(Assert.java:149)\r\n\tat org.testng.Assert.assertEquals(Assert.java:131)\r\n\tat org.testng.Assert.assertEquals(Assert.java:643)\r\n\tat SauceDemo.stepdef.listener.enter_address_information(listener.java:76)\r\n\tat ✽.Enter address information(file:///C:/Selenium/Allure_report/src/test/resources/feature/listener.feature:26)\r\n"},"stage":"finished","steps":[{"name":"Given  Enter address information","status":"failed","statusDetails":{"known":false,"muted":false,"flaky":false,"message":"expected [continue] but found [false]","trace":"java.lang.AssertionError: expected [continue] but found [false]\r\n\tat org.testng.Assert.fail(Assert.java:110)\r\n\tat org.testng.Assert.failNotEquals(Assert.java:1413)\r\n\tat org.testng.Assert.assertEqualsImpl(Assert.java:149)\r\n\tat org.testng.Assert.assertEquals(Assert.java:131)\r\n\tat org.testng.Assert.assertEquals(Assert.java:643)\r\n\tat SauceDemo.stepdef.listener.enter_address_information(listener.java:76)\r\n\tat ✽.Enter address information(file:///C:/Selenium/Allure_report/src/test/resources/feature/listener.feature:26)\r\n"},"stage":"finished","steps":[],"attachments":[],"parameters":[],"start":1670923413378,"stop":1670923413608},{"name":"Then  Click Finish","status":"skipped","statusDetails":{"known":false,"muted":false,"flaky":false},"stage":"finished","steps":[],"attachments":[],"parameters":[],"start":1670923413609,"stop":1670923413610}],"attachments":[],"parameters":[],"start":1670923413377,"stop":1670923413740}